<?xml version="1.0" encoding="UTF-8"?>
<!-- Generated by org.testng.reporters.JUnitReportReporter -->
<testsuite skipped="0" hostname="DESKTOP-C2HGKM9" name="maven.demo.Stock_demo" tests="1" failures="0" timestamp="24 Sep 2021 05:40:05 GMT" time="58.921" errors="0">
  <testcase name="f" time="58.921" classname="maven.demo.Stock_demo"/>
</testsuite> <!-- maven.demo.Stock_demo -->
