<?xml version="1.0" encoding="UTF-8"?>
<!-- Generated by org.testng.reporters.JUnitReportReporter -->
<testsuite skipped="0" hostname="DESKTOP-C2HGKM9" name="maven.demo.Stock_demo" tests="1" failures="0" timestamp="12 Oct 2021 10:53:17 GMT" time="60.369" errors="0">
  <testcase name="f" time="60.369" classname="maven.demo.Stock_demo"/>
</testsuite> <!-- maven.demo.Stock_demo -->
