<?xml version="1.0" encoding="UTF-8"?>
<!-- Generated by org.testng.reporters.JUnitReportReporter -->
<testsuite skipped="0" hostname="DESKTOP-C2HGKM9" name="maven.demo.Stock_demo" tests="1" failures="0" timestamp="11 Oct 2021 10:44:46 GMT" time="55.599" errors="0">
  <testcase name="f" time="55.599" classname="maven.demo.Stock_demo"/>
</testsuite> <!-- maven.demo.Stock_demo -->
